<?xml version="1.0" encoding="utf-8"?>
<test-run id="2" testcasecount="20" result="Passed" total="20" passed="20" failed="0" inconclusive="0" skipped="0" asserts="0" engine-version="3.5.0.0" clr-version="4.0.30319.42000" start-time="2026-09-11 22:55:17Z" end-time="2026-09-11 22:55:18Z" duration="0.8471131">
  <test-suite type="TestSuite" id="1000" name="Black Cube Idle" fullname="Black Cube Idle" runstate="Runnable" testcasecount="92" result="Passed" start-time="2026-09-11 22:55:17Z" end-time="2026-09-11 22:55:18Z" duration="0.847113" total="20" passed="20" failed="0" inconclusive="0" skipped="0" asserts="0">
    <properties>
      <property name="platform" value="EditMode" />
    </properties>
    <test-suite type="Assembly" id="1103" name="Assembly-CSharp-Editor.dll" fullname="D:/Unity/Projects/Black-Cube/Library/ScriptAssemblies/Assembly-CSharp-Editor.dll" runstate="Runnable" testcasecount="92" result="Passed" start-time="2026-09-11 22:55:17Z" end-time="2026-09-11 22:55:18Z" duration="0.827691" total="20" passed="20" failed="0" inconclusive="0" skipped="0" asserts="0">
      <properties>
        <property name="_PID" value="51420" />
        <property name="_APPDOMAIN" value="Unity Child Domain" />
        <property name="platform" value="EditMode" />
        <property name="EditorOnly" value="True" />
      </properties>
      <test-suite type="TestFixture" id="1031" name="HudControlTests" fullname="HudControlTests" classname="HudControlTests" runstate="Runnable" testcasecount="20" result="Passed" start-time="2026-09-11 22:55:17Z" end-time="2026-09-11 22:55:18Z" duration="0.825823" total="20" passed="20" failed="0" inconclusive="0" skipped="0" asserts="0">
        <properties />
        <test-case id="1052" name="BattleManagerEvents_SyncEnemyExistingBeforeHudThenLateReplacementAndDeath" fullname="HudControlTests.BattleManagerEvents_SyncEnemyExistingBeforeHudThenLateReplacementAndDeath" methodname="BattleManagerEvents_SyncEnemyExistingBeforeHudThenLateReplacementAndDeath" classname="HudControlTests" runstate="Runnable" seed="1835807379" result="Passed" start-time="2026-09-11 22:55:17Z" end-time="2026-09-11 22:55:17Z" duration="0.543104" asserts="0">
          <properties>
            <property name="retryIteration" value="0" />
            <property name="repeatIteration" value="0" />
          </properties>
          <output><![CDATA[BattleManager: Current enemy died.
]]></output>
        </test-case>
        <test-case id="1050" name="EnemyLifecycle_ExistingLateReplacementDeathAndAbsentManaStayConsistentWithoutDuplicateHandlers" fullname="HudControlTests.EnemyLifecycle_ExistingLateReplacementDeathAndAbsentManaStayConsistentWithoutDuplicateHandlers" methodname="EnemyLifecycle_ExistingLateReplacementDeathAndAbsentManaStayConsistentWithoutDuplicateHandlers" classname="HudControlTests" runstate="Runnable" seed="1542603218" result="Passed" start-time="2026-09-11 22:55:17Z" end-time="2026-09-11 22:55:17Z" duration="0.021668" asserts="0">
          <properties>
            <property name="retryIteration" value="0" />
            <property name="repeatIteration" value="0" />
          </properties>
        </test-case>
        <test-case id="1049" name="EnemyRebind_UnsubscribesOldHealthAndClearsWhenNone" fullname="HudControlTests.EnemyRebind_UnsubscribesOldHealthAndClearsWhenNone" methodname="EnemyRebind_UnsubscribesOldHealthAndClearsWhenNone" classname="HudControlTests" runstate="Runnable" seed="688580614" result="Passed" start-time="2026-09-11 22:55:17Z" end-time="2026-09-11 22:55:18Z" duration="0.017303" asserts="0">
          <properties>
            <property name="retryIteration" value="0" />
            <property name="repeatIteration" value="0" />
          </properties>
          <output><![CDATA[HealthComponent: Player died. name=Rare Goblin
HealthComponent: GameManager.Instance is null; player death could not show death flow.
]]></output>
        </test-case>
        <test-suite type="ParameterizedMethod" id="1046" name="EnemySpecies_StripsOnlyWholeRarityPrefixes" fullname="HudControlTests.EnemySpecies_StripsOnlyWholeRarityPrefixes" classname="HudControlTests" runstate="Runnable" testcasecount="4" result="Passed" start-time="2026-09-11 22:55:18Z" end-time="2026-09-11 22:55:18Z" duration="0.005865" total="4" passed="4" failed="0" inconclusive="0" skipped="0" asserts="0">
          <properties />
          <test-case id="1042" name="EnemySpecies_StripsOnlyWholeRarityPrefixes(&quot;Legendary Goblin&quot;,&quot;Goblin&quot;)" fullname="HudControlTests.EnemySpecies_StripsOnlyWholeRarityPrefixes(&quot;Legendary Goblin&quot;,&quot;Goblin&quot;)" methodname="EnemySpecies_StripsOnlyWholeRarityPrefixes" classname="HudControlTests" runstate="Runnable" seed="1317917082" result="Passed" start-time="2026-09-11 22:55:18Z" end-time="2026-09-11 22:55:18Z" duration="0.000346" asserts="0">
            <properties>
              <property name="retryIteration" value="0" />
              <property name="repeatIteration" value="0" />
            </properties>
          </test-case>
          <test-case id="1043" name="EnemySpecies_StripsOnlyWholeRarityPrefixes(&quot;magic Rare Skeleton(Clone)&quot;,&quot;Skeleton&quot;)" fullname="HudControlTests.EnemySpecies_StripsOnlyWholeRarityPrefixes(&quot;magic Rare Skeleton(Clone)&quot;,&quot;Skeleton&quot;)" methodname="EnemySpecies_StripsOnlyWholeRarityPrefixes" classname="HudControlTests" runstate="Runnable" seed="1865916950" result="Passed" start-time="2026-09-11 22:55:18Z" end-time="2026-09-11 22:55:18Z" duration="0.000459" asserts="0">
            <properties>
              <property name="retryIteration" value="0" />
              <property name="repeatIteration" value="0" />
            </properties>
          </test-case>
          <test-case id="1044" name="EnemySpecies_StripsOnlyWholeRarityPrefixes(&quot;Orc Warrior&quot;,&quot;Orc Warrior&quot;)" fullname="HudControlTests.EnemySpecies_StripsOnlyWholeRarityPrefixes(&quot;Orc Warrior&quot;,&quot;Orc Warrior&quot;)" methodname="EnemySpecies_StripsOnlyWholeRarityPrefixes" classname="HudControlTests" runstate="Runnable" seed="323807584" result="Passed" start-time="2026-09-11 22:55:18Z" end-time="2026-09-11 22:55:18Z" duration="0.000198" asserts="0">
            <properties>
              <property name="retryIteration" value="0" />
              <property name="repeatIteration" value="0" />
            </properties>
          </test-case>
          <test-case id="1045" name="EnemySpecies_StripsOnlyWholeRarityPrefixes(&quot;Normality Golem&quot;,&quot;Normality Golem&quot;)" fullname="HudControlTests.EnemySpecies_StripsOnlyWholeRarityPrefixes(&quot;Normality Golem&quot;,&quot;Normality Golem&quot;)" methodname="EnemySpecies_StripsOnlyWholeRarityPrefixes" classname="HudControlTests" runstate="Runnable" seed="1372071591" result="Passed" start-time="2026-09-11 22:55:18Z" end-time="2026-09-11 22:55:18Z" duration="0.000118" asserts="0">
            <properties>
              <property name="retryIteration" value="0" />
              <property name="repeatIteration" value="0" />
            </properties>
          </test-case>
        </test-suite>
        <test-case id="1035" name="GoblinPrefab_ProvidesStableNamedStillPortrait" fullname="HudControlTests.GoblinPrefab_ProvidesStableNamedStillPortrait" methodname="GoblinPrefab_ProvidesStableNamedStillPortrait" classname="HudControlTests" runstate="Runnable" seed="1732964521" result="Passed" start-time="2026-09-11 22:55:18Z" end-time="2026-09-11 22:55:18Z" duration="0.051977" asserts="0">
          <properties>
            <property name="retryIteration" value="0" />
            <property name="repeatIteration" value="0" />
          </properties>
        </test-case>
        <test-case id="1053" name="ImportedArtwork_HashesAreExactImportsWithUniqueSpriteMetas" fullname="HudControlTests.ImportedArtwork_HashesAreExactImportsWithUniqueSpriteMetas" methodname="ImportedArtwork_HashesAreExactImportsWithUniqueSpriteMetas" classname="HudControlTests" runstate="Runnable" seed="958495553" result="Passed" start-time="2026-09-11 22:55:18Z" end-time="2026-09-11 22:55:18Z" duration="0.104500" asserts="0">
          <properties>
            <property name="retryIteration" value="0" />
            <property name="repeatIteration" value="0" />
          </properties>
        </test-case>
        <test-case id="1051" name="InitialPlayerSync_ShowsNameAuthoritativeManaAndLeftOriginContainedHealthFill" fullname="HudControlTests.InitialPlayerSync_ShowsNameAuthoritativeManaAndLeftOriginContainedHealthFill" methodname="InitialPlayerSync_ShowsNameAuthoritativeManaAndLeftOriginContainedHealthFill" classname="HudControlTests" runstate="Runnable" seed="517296694" result="Passed" start-time="2026-09-11 22:55:18Z" end-time="2026-09-11 22:55:18Z" duration="0.021623" asserts="0">
          <properties>
            <property name="retryIteration" value="0" />
            <property name="repeatIteration" value="0" />
          </properties>
        </test-case>
        <test-case id="1048" name="MainControls_AreUniqueOwnCallbacksNavigateAndPersistPanelState" fullname="HudControlTests.MainControls_AreUniqueOwnCallbacksNavigateAndPersistPanelState" methodname="MainControls_AreUniqueOwnCallbacksNavigateAndPersistPanelState" classname="HudControlTests" runstate="Runnable" seed="1950576027" result="Passed" start-time="2026-09-11 22:55:18Z" end-time="2026-09-11 22:55:18Z" duration="0.018572" asserts="0">
          <properties>
            <property name="retryIteration" value="0" />
            <property name="repeatIteration" value="0" />
          </properties>
        </test-case>
        <test-case id="1034" name="NullPortrait_IsTransparentAndDisabledWhileValidPortraitIsVisible" fullname="HudControlTests.NullPortrait_IsTransparentAndDisabledWhileValidPortraitIsVisible" methodname="NullPortrait_IsTransparentAndDisabledWhileValidPortraitIsVisible" classname="HudControlTests" runstate="Runnable" seed="1411125494" result="Passed" start-time="2026-09-11 22:55:18Z" end-time="2026-09-11 22:55:18Z" duration="0.003115" asserts="0">
          <properties>
            <property name="retryIteration" value="0" />
            <property name="repeatIteration" value="0" />
          </properties>
        </test-case>
        <test-case id="1032" name="PixelMap_IsContainedAndAspectStableAtRepresentativeResolutions" fullname="HudControlTests.PixelMap_IsContainedAndAspectStableAtRepresentativeResolutions" methodname="PixelMap_IsContainedAndAspectStableAtRepresentativeResolutions" classname="HudControlTests" runstate="Runnable" seed="1874476953" result="Passed" start-time="2026-09-11 22:55:18Z" end-time="2026-09-11 22:55:18Z" duration="0.008972" asserts="0">
          <properties>
            <property name="retryIteration" value="0" />
            <property name="repeatIteration" value="0" />
          </properties>
        </test-case>
        <test-suite type="ParameterizedMethod" id="1039" name="PlayerName_DefaultsAndNormalizes" fullname="HudControlTests.PlayerName_DefaultsAndNormalizes" classname="HudControlTests" runstate="Runnable" testcasecount="3" result="Passed" start-time="2026-09-11 22:55:18Z" end-time="2026-09-11 22:55:18Z" duration="0.001780" total="3" passed="3" failed="0" inconclusive="0" skipped="0" asserts="0">
          <properties />
          <test-case id="1036" name="PlayerName_DefaultsAndNormalizes(null,&quot;Wanderer&quot;)" fullname="HudControlTests.PlayerName_DefaultsAndNormalizes(null,&quot;Wanderer&quot;)" methodname="PlayerName_DefaultsAndNormalizes" classname="HudControlTests" runstate="Runnable" seed="1435024910" result="Passed" start-time="2026-09-11 22:55:18Z" end-time="2026-09-11 22:55:18Z" duration="0.000242" asserts="0">
            <properties>
              <property name="retryIteration" value="0" />
              <property name="repeatIteration" value="0" />
            </properties>
          </test-case>
          <test-case id="1037" name="PlayerName_DefaultsAndNormalizes(&quot;   &quot;,&quot;Wanderer&quot;)" fullname="HudControlTests.PlayerName_DefaultsAndNormalizes(&quot;   &quot;,&quot;Wanderer&quot;)" methodname="PlayerName_DefaultsAndNormalizes" classname="HudControlTests" runstate="Runnable" seed="1241209009" result="Passed" start-time="2026-09-11 22:55:18Z" end-time="2026-09-11 22:55:18Z" duration="0.000104" asserts="0">
            <properties>
              <property name="retryIteration" value="0" />
              <property name="repeatIteration" value="0" />
            </properties>
          </test-case>
          <test-case id="1038" name="PlayerName_DefaultsAndNormalizes(&quot;  Aria  &quot;,&quot;Aria&quot;)" fullname="HudControlTests.PlayerName_DefaultsAndNormalizes(&quot;  Aria  &quot;,&quot;Aria&quot;)" methodname="PlayerName_DefaultsAndNormalizes" classname="HudControlTests" runstate="Runnable" seed="71297529" result="Passed" start-time="2026-09-11 22:55:18Z" end-time="2026-09-11 22:55:18Z" duration="0.000054" asserts="0">
            <properties>
              <property name="retryIteration" value="0" />
              <property name="repeatIteration" value="0" />
            </properties>
          </test-case>
        </test-suite>
        <test-case id="1033" name="PortraitSelection_IsDeterministicStillAndPaddingAwareWithEnemyScale" fullname="HudControlTests.PortraitSelection_IsDeterministicStillAndPaddingAwareWithEnemyScale" methodname="PortraitSelection_IsDeterministicStillAndPaddingAwareWithEnemyScale" classname="HudControlTests" runstate="Runnable" seed="621382497" result="Passed" start-time="2026-09-11 22:55:18Z" end-time="2026-09-11 22:55:18Z" duration="0.003416" asserts="0">
          <properties>
            <property name="retryIteration" value="0" />
            <property name="repeatIteration" value="0" />
          </properties>
        </test-case>
        <test-case id="1047" name="Resources_ClampFillAndKeepCenteredValueReadableAtEmptyAndFull" fullname="HudControlTests.Resources_ClampFillAndKeepCenteredValueReadableAtEmptyAndFull" methodname="Resources_ClampFillAndKeepCenteredValueReadableAtEmptyAndFull" classname="HudControlTests" runstate="Runnable" seed="1213284043" result="Passed" start-time="2026-09-11 22:55:18Z" end-time="2026-09-11 22:55:18Z" duration="0.001259" asserts="0">
          <properties>
            <property name="retryIteration" value="0" />
            <property name="repeatIteration" value="0" />
          </properties>
        </test-case>
        <test-case id="1041" name="SpriteState_PrecedenceIsDisabledActivePointerHoverNormal" fullname="HudControlTests.SpriteState_PrecedenceIsDisabledActivePointerHoverNormal" methodname="SpriteState_PrecedenceIsDisabledActivePointerHoverNormal" classname="HudControlTests" runstate="Runnable" seed="1307101380" result="Passed" start-time="2026-09-11 22:55:18Z" end-time="2026-09-11 22:55:18Z" duration="0.002218" asserts="0">
          <properties>
            <property name="retryIteration" value="0" />
            <property name="repeatIteration" value="0" />
          </properties>
        </test-case>
        <test-case id="1040" name="StateSlices_AreMeasuredAndDoNotBleedAcrossStates" fullname="HudControlTests.StateSlices_AreMeasuredAndDoNotBleedAcrossStates" methodname="StateSlices_AreMeasuredAndDoNotBleedAcrossStates" classname="HudControlTests" runstate="Runnable" seed="1944266121" result="Passed" start-time="2026-09-11 22:55:18Z" end-time="2026-09-11 22:55:18Z" duration="0.001047" asserts="0">
          <properties>
            <property name="retryIteration" value="0" />
            <property name="repeatIteration" value="0" />
          </properties>
          <output><![CDATA[Saving results to: C:/Users/david/AppData/LocalLow/DefaultCompany/Black Cube Idle\TestResults.xml
]]></output>
        </test-case>
      </test-suite>
    </test-suite>
  </test-suite>
</test-run>