<?xml version="1.0" encoding="utf-8"?>
<test-run id="2" testcasecount="20" result="Passed" total="20" passed="20" failed="0" inconclusive="0" skipped="0" asserts="0" engine-version="3.5.0.0" clr-version="4.0.30319.42000" start-time="2026-09-11 22:18:37Z" end-time="2026-09-11 22:18:38Z" duration="0.7999157">
  <test-suite type="TestSuite" id="1000" name="Black Cube Idle" fullname="Black Cube Idle" runstate="Runnable" testcasecount="92" result="Passed" start-time="2026-09-11 22:18:37Z" end-time="2026-09-11 22:18:38Z" duration="0.799916" total="20" passed="20" failed="0" inconclusive="0" skipped="0" asserts="0">
    <properties>
      <property name="platform" value="EditMode" />
    </properties>
    <test-suite type="Assembly" id="1103" name="Assembly-CSharp-Editor.dll" fullname="D:/Unity/Projects/Black-Cube/Library/ScriptAssemblies/Assembly-CSharp-Editor.dll" runstate="Runnable" testcasecount="92" result="Passed" start-time="2026-09-11 22:18:37Z" end-time="2026-09-11 22:18:38Z" duration="0.783849" total="20" passed="20" failed="0" inconclusive="0" skipped="0" asserts="0">
      <properties>
        <property name="_PID" value="22208" />
        <property name="_APPDOMAIN" value="Unity Child Domain" />
        <property name="platform" value="EditMode" />
        <property name="EditorOnly" value="True" />
      </properties>
      <test-suite type="TestFixture" id="1031" name="HudControlTests" fullname="HudControlTests" classname="HudControlTests" runstate="Runnable" testcasecount="20" result="Passed" start-time="2026-09-11 22:18:37Z" end-time="2026-09-11 22:18:38Z" duration="0.781258" total="20" passed="20" failed="0" inconclusive="0" skipped="0" asserts="0">
        <properties />
        <test-case id="1052" name="BattleManagerEvents_SyncEnemyExistingBeforeHudThenLateReplacementAndDeath" fullname="HudControlTests.BattleManagerEvents_SyncEnemyExistingBeforeHudThenLateReplacementAndDeath" methodname="BattleManagerEvents_SyncEnemyExistingBeforeHudThenLateReplacementAndDeath" classname="HudControlTests" runstate="Runnable" seed="1903113571" result="Passed" start-time="2026-09-11 22:18:37Z" end-time="2026-09-11 22:18:38Z" duration="0.437463" asserts="0">
          <properties>
            <property name="retryIteration" value="0" />
            <property name="repeatIteration" value="0" />
          </properties>
          <output><![CDATA[BattleManager: Current enemy died.
]]></output>
        </test-case>
        <test-case id="1050" name="EnemyLifecycle_ExistingLateReplacementDeathAndAbsentManaStayConsistentWithoutDuplicateHandlers" fullname="HudControlTests.EnemyLifecycle_ExistingLateReplacementDeathAndAbsentManaStayConsistentWithoutDuplicateHandlers" methodname="EnemyLifecycle_ExistingLateReplacementDeathAndAbsentManaStayConsistentWithoutDuplicateHandlers" classname="HudControlTests" runstate="Runnable" seed="1707445896" result="Passed" start-time="2026-09-11 22:18:38Z" end-time="2026-09-11 22:18:38Z" duration="0.020378" asserts="0">
          <properties>
            <property name="retryIteration" value="0" />
            <property name="repeatIteration" value="0" />
          </properties>
        </test-case>
        <test-case id="1049" name="EnemyRebind_UnsubscribesOldHealthAndClearsWhenNone" fullname="HudControlTests.EnemyRebind_UnsubscribesOldHealthAndClearsWhenNone" methodname="EnemyRebind_UnsubscribesOldHealthAndClearsWhenNone" classname="HudControlTests" runstate="Runnable" seed="840829914" result="Passed" start-time="2026-09-11 22:18:38Z" end-time="2026-09-11 22:18:38Z" duration="0.019831" asserts="0">
          <properties>
            <property name="retryIteration" value="0" />
            <property name="repeatIteration" value="0" />
          </properties>
          <output><![CDATA[HealthComponent: Player died. name=Rare Goblin
HealthComponent: GameManager.Instance is null; player death could not show death flow.
]]></output>
        </test-case>
        <test-suite type="ParameterizedMethod" id="1046" name="EnemySpecies_StripsOnlyWholeRarityPrefixes" fullname="HudControlTests.EnemySpecies_StripsOnlyWholeRarityPrefixes" classname="HudControlTests" runstate="Runnable" testcasecount="4" result="Passed" start-time="2026-09-11 22:18:38Z" end-time="2026-09-11 22:18:38Z" duration="0.005078" total="4" passed="4" failed="0" inconclusive="0" skipped="0" asserts="0">
          <properties />
          <test-case id="1042" name="EnemySpecies_StripsOnlyWholeRarityPrefixes(&quot;Legendary Goblin&quot;,&quot;Goblin&quot;)" fullname="HudControlTests.EnemySpecies_StripsOnlyWholeRarityPrefixes(&quot;Legendary Goblin&quot;,&quot;Goblin&quot;)" methodname="EnemySpecies_StripsOnlyWholeRarityPrefixes" classname="HudControlTests" runstate="Runnable" seed="423210380" result="Passed" start-time="2026-09-11 22:18:38Z" end-time="2026-09-11 22:18:38Z" duration="0.000314" asserts="0">
            <properties>
              <property name="retryIteration" value="0" />
              <property name="repeatIteration" value="0" />
            </properties>
          </test-case>
          <test-case id="1043" name="EnemySpecies_StripsOnlyWholeRarityPrefixes(&quot;magic Rare Skeleton(Clone)&quot;,&quot;Skeleton&quot;)" fullname="HudControlTests.EnemySpecies_StripsOnlyWholeRarityPrefixes(&quot;magic Rare Skeleton(Clone)&quot;,&quot;Skeleton&quot;)" methodname="EnemySpecies_StripsOnlyWholeRarityPrefixes" classname="HudControlTests" runstate="Runnable" seed="88191352" result="Passed" start-time="2026-09-11 22:18:38Z" end-time="2026-09-11 22:18:38Z" duration="0.000081" asserts="0">
            <properties>
              <property name="retryIteration" value="0" />
              <property name="repeatIteration" value="0" />
            </properties>
          </test-case>
          <test-case id="1044" name="EnemySpecies_StripsOnlyWholeRarityPrefixes(&quot;Orc Warrior&quot;,&quot;Orc Warrior&quot;)" fullname="HudControlTests.EnemySpecies_StripsOnlyWholeRarityPrefixes(&quot;Orc Warrior&quot;,&quot;Orc Warrior&quot;)" methodname="EnemySpecies_StripsOnlyWholeRarityPrefixes" classname="HudControlTests" runstate="Runnable" seed="961012844" result="Passed" start-time="2026-09-11 22:18:38Z" end-time="2026-09-11 22:18:38Z" duration="0.000057" asserts="0">
            <properties>
              <property name="retryIteration" value="0" />
              <property name="repeatIteration" value="0" />
            </properties>
          </test-case>
          <test-case id="1045" name="EnemySpecies_StripsOnlyWholeRarityPrefixes(&quot;Normality Golem&quot;,&quot;Normality Golem&quot;)" fullname="HudControlTests.EnemySpecies_StripsOnlyWholeRarityPrefixes(&quot;Normality Golem&quot;,&quot;Normality Golem&quot;)" methodname="EnemySpecies_StripsOnlyWholeRarityPrefixes" classname="HudControlTests" runstate="Runnable" seed="1955423519" result="Passed" start-time="2026-09-11 22:18:38Z" end-time="2026-09-11 22:18:38Z" duration="0.000054" asserts="0">
            <properties>
              <property name="retryIteration" value="0" />
              <property name="repeatIteration" value="0" />
            </properties>
          </test-case>
        </test-suite>
        <test-case id="1035" name="GoblinPrefab_ProvidesStableNamedStillPortrait" fullname="HudControlTests.GoblinPrefab_ProvidesStableNamedStillPortrait" methodname="GoblinPrefab_ProvidesStableNamedStillPortrait" classname="HudControlTests" runstate="Runnable" seed="370290575" result="Passed" start-time="2026-09-11 22:18:38Z" end-time="2026-09-11 22:18:38Z" duration="0.053954" asserts="0">
          <properties>
            <property name="retryIteration" value="0" />
            <property name="repeatIteration" value="0" />
          </properties>
        </test-case>
        <test-case id="1053" name="ImportedArtwork_HashesAreExactImportsWithUniqueSpriteMetas" fullname="HudControlTests.ImportedArtwork_HashesAreExactImportsWithUniqueSpriteMetas" methodname="ImportedArtwork_HashesAreExactImportsWithUniqueSpriteMetas" classname="HudControlTests" runstate="Runnable" seed="705701683" result="Passed" start-time="2026-09-11 22:18:38Z" end-time="2026-09-11 22:18:38Z" duration="0.165348" asserts="0">
          <properties>
            <property name="retryIteration" value="0" />
            <property name="repeatIteration" value="0" />
          </properties>
        </test-case>
        <test-case id="1051" name="InitialPlayerSync_ShowsNameAuthoritativeManaAndLeftOriginContainedHealthFill" fullname="HudControlTests.InitialPlayerSync_ShowsNameAuthoritativeManaAndLeftOriginContainedHealthFill" methodname="InitialPlayerSync_ShowsNameAuthoritativeManaAndLeftOriginContainedHealthFill" classname="HudControlTests" runstate="Runnable" seed="1663087906" result="Passed" start-time="2026-09-11 22:18:38Z" end-time="2026-09-11 22:18:38Z" duration="0.018663" asserts="0">
          <properties>
            <property name="retryIteration" value="0" />
            <property name="repeatIteration" value="0" />
          </properties>
        </test-case>
        <test-case id="1048" name="MainControls_AreUniqueOwnCallbacksNavigateAndPersistPanelState" fullname="HudControlTests.MainControls_AreUniqueOwnCallbacksNavigateAndPersistPanelState" methodname="MainControls_AreUniqueOwnCallbacksNavigateAndPersistPanelState" classname="HudControlTests" runstate="Runnable" seed="1808656962" result="Passed" start-time="2026-09-11 22:18:38Z" end-time="2026-09-11 22:18:38Z" duration="0.019553" asserts="0">
          <properties>
            <property name="retryIteration" value="0" />
            <property name="repeatIteration" value="0" />
          </properties>
        </test-case>
        <test-case id="1034" name="NullPortrait_IsTransparentAndDisabledWhileValidPortraitIsVisible" fullname="HudControlTests.NullPortrait_IsTransparentAndDisabledWhileValidPortraitIsVisible" methodname="NullPortrait_IsTransparentAndDisabledWhileValidPortraitIsVisible" classname="HudControlTests" runstate="Runnable" seed="583374760" result="Passed" start-time="2026-09-11 22:18:38Z" end-time="2026-09-11 22:18:38Z" duration="0.002802" asserts="0">
          <properties>
            <property name="retryIteration" value="0" />
            <property name="repeatIteration" value="0" />
          </properties>
        </test-case>
        <test-case id="1032" name="PixelMap_IsContainedAndAspectStableAtRepresentativeResolutions" fullname="HudControlTests.PixelMap_IsContainedAndAspectStableAtRepresentativeResolutions" methodname="PixelMap_IsContainedAndAspectStableAtRepresentativeResolutions" classname="HudControlTests" runstate="Runnable" seed="1347114363" result="Passed" start-time="2026-09-11 22:18:38Z" end-time="2026-09-11 22:18:38Z" duration="0.006822" asserts="0">
          <properties>
            <property name="retryIteration" value="0" />
            <property name="repeatIteration" value="0" />
          </properties>
        </test-case>
        <test-suite type="ParameterizedMethod" id="1039" name="PlayerName_DefaultsAndNormalizes" fullname="HudControlTests.PlayerName_DefaultsAndNormalizes" classname="HudControlTests" runstate="Runnable" testcasecount="3" result="Passed" start-time="2026-09-11 22:18:38Z" end-time="2026-09-11 22:18:38Z" duration="0.001574" total="3" passed="3" failed="0" inconclusive="0" skipped="0" asserts="0">
          <properties />
          <test-case id="1036" name="PlayerName_DefaultsAndNormalizes(null,&quot;Wanderer&quot;)" fullname="HudControlTests.PlayerName_DefaultsAndNormalizes(null,&quot;Wanderer&quot;)" methodname="PlayerName_DefaultsAndNormalizes" classname="HudControlTests" runstate="Runnable" seed="1752996151" result="Passed" start-time="2026-09-11 22:18:38Z" end-time="2026-09-11 22:18:38Z" duration="0.000205" asserts="0">
            <properties>
              <property name="retryIteration" value="0" />
              <property name="repeatIteration" value="0" />
            </properties>
          </test-case>
          <test-case id="1037" name="PlayerName_DefaultsAndNormalizes(&quot;   &quot;,&quot;Wanderer&quot;)" fullname="HudControlTests.PlayerName_DefaultsAndNormalizes(&quot;   &quot;,&quot;Wanderer&quot;)" methodname="PlayerName_DefaultsAndNormalizes" classname="HudControlTests" runstate="Runnable" seed="1865376703" result="Passed" start-time="2026-09-11 22:18:38Z" end-time="2026-09-11 22:18:38Z" duration="0.000077" asserts="0">
            <properties>
              <property name="retryIteration" value="0" />
              <property name="repeatIteration" value="0" />
            </properties>
          </test-case>
          <test-case id="1038" name="PlayerName_DefaultsAndNormalizes(&quot;  Aria  &quot;,&quot;Aria&quot;)" fullname="HudControlTests.PlayerName_DefaultsAndNormalizes(&quot;  Aria  &quot;,&quot;Aria&quot;)" methodname="PlayerName_DefaultsAndNormalizes" classname="HudControlTests" runstate="Runnable" seed="1439214160" result="Passed" start-time="2026-09-11 22:18:38Z" end-time="2026-09-11 22:18:38Z" duration="0.000055" asserts="0">
            <properties>
              <property name="retryIteration" value="0" />
              <property name="repeatIteration" value="0" />
            </properties>
          </test-case>
        </test-suite>
        <test-case id="1033" name="PortraitSelection_IsDeterministicStillAndPaddingAwareWithEnemyScale" fullname="HudControlTests.PortraitSelection_IsDeterministicStillAndPaddingAwareWithEnemyScale" methodname="PortraitSelection_IsDeterministicStillAndPaddingAwareWithEnemyScale" classname="HudControlTests" runstate="Runnable" seed="1480550535" result="Passed" start-time="2026-09-11 22:18:38Z" end-time="2026-09-11 22:18:38Z" duration="0.003188" asserts="0">
          <properties>
            <property name="retryIteration" value="0" />
            <property name="repeatIteration" value="0" />
          </properties>
        </test-case>
        <test-case id="1047" name="Resources_ClampFillAndKeepCenteredValueReadableAtEmptyAndFull" fullname="HudControlTests.Resources_ClampFillAndKeepCenteredValueReadableAtEmptyAndFull" methodname="Resources_ClampFillAndKeepCenteredValueReadableAtEmptyAndFull" classname="HudControlTests" runstate="Runnable" seed="88108391" result="Passed" start-time="2026-09-11 22:18:38Z" end-time="2026-09-11 22:18:38Z" duration="0.001008" asserts="0">
          <properties>
            <property name="retryIteration" value="0" />
            <property name="repeatIteration" value="0" />
          </properties>
        </test-case>
        <test-case id="1041" name="SpriteState_PrecedenceIsDisabledActivePointerHoverNormal" fullname="HudControlTests.SpriteState_PrecedenceIsDisabledActivePointerHoverNormal" methodname="SpriteState_PrecedenceIsDisabledActivePointerHoverNormal" classname="HudControlTests" runstate="Runnable" seed="1194547472" result="Passed" start-time="2026-09-11 22:18:38Z" end-time="2026-09-11 22:18:38Z" duration="0.001817" asserts="0">
          <properties>
            <property name="retryIteration" value="0" />
            <property name="repeatIteration" value="0" />
          </properties>
        </test-case>
        <test-case id="1040" name="StateSlices_AreMeasuredAndDoNotBleedAcrossStates" fullname="HudControlTests.StateSlices_AreMeasuredAndDoNotBleedAcrossStates" methodname="StateSlices_AreMeasuredAndDoNotBleedAcrossStates" classname="HudControlTests" runstate="Runnable" seed="1569798635" result="Passed" start-time="2026-09-11 22:18:38Z" end-time="2026-09-11 22:18:38Z" duration="0.000877" asserts="0">
          <properties>
            <property name="retryIteration" value="0" />
            <property name="repeatIteration" value="0" />
          </properties>
          <output><![CDATA[Saving results to: C:/Users/david/AppData/LocalLow/DefaultCompany/Black Cube Idle\TestResults.xml
]]></output>
        </test-case>
      </test-suite>
    </test-suite>
  </test-suite>
</test-run>