<?xml version="1.0" encoding="utf-8"?>
<test-run id="2" testcasecount="20" result="Failed(Child)" total="20" passed="15" failed="5" inconclusive="0" skipped="0" asserts="0" engine-version="3.5.0.0" clr-version="4.0.30319.42000" start-time="2026-09-11 21:17:02Z" end-time="2026-09-11 21:17:03Z" duration="0.7659846">
  <test-suite type="TestSuite" id="1000" name="Black Cube Idle" fullname="Black Cube Idle" runstate="Runnable" testcasecount="92" result="Failed" site="Child" start-time="2026-09-11 21:17:02Z" end-time="2026-09-11 21:17:03Z" duration="0.765985" total="20" passed="15" failed="5" inconclusive="0" skipped="0" asserts="0">
    <properties>
      <property name="platform" value="EditMode" />
    </properties>
    <failure>
      <message><![CDATA[One or more child tests had errors]]></message>
    </failure>
    <test-suite type="Assembly" id="1103" name="Assembly-CSharp-Editor.dll" fullname="D:/Unity/Projects/Black-Cube/Library/ScriptAssemblies/Assembly-CSharp-Editor.dll" runstate="Runnable" testcasecount="92" result="Failed" site="Child" start-time="2026-09-11 21:17:02Z" end-time="2026-09-11 21:17:03Z" duration="0.739122" total="20" passed="15" failed="5" inconclusive="0" skipped="0" asserts="0">
      <properties>
        <property name="_PID" value="52708" />
        <property name="_APPDOMAIN" value="Unity Child Domain" />
        <property name="platform" value="EditMode" />
        <property name="EditorOnly" value="True" />
      </properties>
      <failure>
        <message><![CDATA[One or more child tests had errors]]></message>
      </failure>
      <test-suite type="TestFixture" id="1031" name="HudControlTests" fullname="HudControlTests" classname="HudControlTests" runstate="Runnable" testcasecount="20" result="Failed" site="Child" start-time="2026-09-11 21:17:02Z" end-time="2026-09-11 21:17:03Z" duration="0.734076" total="20" passed="15" failed="5" inconclusive="0" skipped="0" asserts="0">
        <properties />
        <failure>
          <message><![CDATA[One or more child tests had errors]]></message>
        </failure>
        <test-case id="1052" name="BattleManagerEvents_SyncEnemyExistingBeforeHudThenLateReplacementAndDeath" fullname="HudControlTests.BattleManagerEvents_SyncEnemyExistingBeforeHudThenLateReplacementAndDeath" methodname="BattleManagerEvents_SyncEnemyExistingBeforeHudThenLateReplacementAndDeath" classname="HudControlTests" runstate="Runnable" seed="10320572" result="Failed" label="Error" start-time="2026-09-11 21:17:02Z" end-time="2026-09-11 21:17:02Z" duration="0.093259" asserts="0">
          <properties>
            <property name="retryIteration" value="0" />
            <property name="repeatIteration" value="0" />
          </properties>
          <failure>
            <message><![CDATA[System.NullReferenceException : Object reference not set to an instance of an object]]></message>
            <stack-trace><![CDATA[  at HudControlTests.BattleManagerEvents_SyncEnemyExistingBeforeHudThenLateReplacementAndDeath () [0x00053] in D:\Unity\Projects\Black-Cube\Assets\Tests\Editor\HudControlTests.cs:209 
  at (wrapper managed-to-native) System.Reflection.RuntimeMethodInfo.InternalInvoke(System.Reflection.RuntimeMethodInfo,object,object[],System.Exception&)
  at System.Reflection.RuntimeMethodInfo.Invoke (System.Object obj, System.Reflection.BindingFlags invokeAttr, System.Reflection.Binder binder, System.Object[] parameters, System.Globalization.CultureInfo culture) [0x0006a] in <c5ae8a4eeb824526b5df2932bc2395e0>:0 ]]></stack-trace>
          </failure>
        </test-case>
        <test-case id="1050" name="EnemyLifecycle_ExistingLateReplacementDeathAndAbsentManaStayConsistentWithoutDuplicateHandlers" fullname="HudControlTests.EnemyLifecycle_ExistingLateReplacementDeathAndAbsentManaStayConsistentWithoutDuplicateHandlers" methodname="EnemyLifecycle_ExistingLateReplacementDeathAndAbsentManaStayConsistentWithoutDuplicateHandlers" classname="HudControlTests" runstate="Runnable" seed="2009557640" result="Failed" label="Error" start-time="2026-09-11 21:17:02Z" end-time="2026-09-11 21:17:02Z" duration="0.023287" asserts="0">
          <properties>
            <property name="retryIteration" value="0" />
            <property name="repeatIteration" value="0" />
          </properties>
          <failure>
            <message><![CDATA[System.NullReferenceException : Object reference not set to an instance of an object]]></message>
            <stack-trace><![CDATA[  at HudControlTests.EnemyLifecycle_ExistingLateReplacementDeathAndAbsentManaStayConsistentWithoutDuplicateHandlers () [0x0012f] in D:\Unity\Projects\Black-Cube\Assets\Tests\Editor\HudControlTests.cs:180 
  at (wrapper managed-to-native) System.Reflection.RuntimeMethodInfo.InternalInvoke(System.Reflection.RuntimeMethodInfo,object,object[],System.Exception&)
  at System.Reflection.RuntimeMethodInfo.Invoke (System.Object obj, System.Reflection.BindingFlags invokeAttr, System.Reflection.Binder binder, System.Object[] parameters, System.Globalization.CultureInfo culture) [0x0006a] in <c5ae8a4eeb824526b5df2932bc2395e0>:0 ]]></stack-trace>
          </failure>
        </test-case>
        <test-case id="1049" name="EnemyRebind_UnsubscribesOldHealthAndClearsWhenNone" fullname="HudControlTests.EnemyRebind_UnsubscribesOldHealthAndClearsWhenNone" methodname="EnemyRebind_UnsubscribesOldHealthAndClearsWhenNone" classname="HudControlTests" runstate="Runnable" seed="216021883" result="Failed" label="Error" start-time="2026-09-11 21:17:02Z" end-time="2026-09-11 21:17:02Z" duration="0.004283" asserts="0">
          <properties>
            <property name="retryIteration" value="0" />
            <property name="repeatIteration" value="0" />
          </properties>
          <failure>
            <message><![CDATA[System.NullReferenceException : Object reference not set to an instance of an object]]></message>
            <stack-trace><![CDATA[  at HudControlTests.EnemyRebind_UnsubscribesOldHealthAndClearsWhenNone () [0x000a6] in D:\Unity\Projects\Black-Cube\Assets\Tests\Editor\HudControlTests.cs:164 
  at (wrapper managed-to-native) System.Reflection.RuntimeMethodInfo.InternalInvoke(System.Reflection.RuntimeMethodInfo,object,object[],System.Exception&)
  at System.Reflection.RuntimeMethodInfo.Invoke (System.Object obj, System.Reflection.BindingFlags invokeAttr, System.Reflection.Binder binder, System.Object[] parameters, System.Globalization.CultureInfo culture) [0x0006a] in <c5ae8a4eeb824526b5df2932bc2395e0>:0 ]]></stack-trace>
          </failure>
        </test-case>
        <test-suite type="ParameterizedMethod" id="1046" name="EnemySpecies_StripsOnlyWholeRarityPrefixes" fullname="HudControlTests.EnemySpecies_StripsOnlyWholeRarityPrefixes" classname="HudControlTests" runstate="Runnable" testcasecount="4" result="Passed" start-time="2026-09-11 21:17:02Z" end-time="2026-09-11 21:17:02Z" duration="0.012268" total="4" passed="4" failed="0" inconclusive="0" skipped="0" asserts="0">
          <properties />
          <test-case id="1042" name="EnemySpecies_StripsOnlyWholeRarityPrefixes(&quot;Legendary Goblin&quot;,&quot;Goblin&quot;)" fullname="HudControlTests.EnemySpecies_StripsOnlyWholeRarityPrefixes(&quot;Legendary Goblin&quot;,&quot;Goblin&quot;)" methodname="EnemySpecies_StripsOnlyWholeRarityPrefixes" classname="HudControlTests" runstate="Runnable" seed="88024574" result="Passed" start-time="2026-09-11 21:17:02Z" end-time="2026-09-11 21:17:02Z" duration="0.004968" asserts="0">
            <properties>
              <property name="retryIteration" value="0" />
              <property name="repeatIteration" value="0" />
            </properties>
          </test-case>
          <test-case id="1043" name="EnemySpecies_StripsOnlyWholeRarityPrefixes(&quot;magic Rare Skeleton(Clone)&quot;,&quot;Skeleton&quot;)" fullname="HudControlTests.EnemySpecies_StripsOnlyWholeRarityPrefixes(&quot;magic Rare Skeleton(Clone)&quot;,&quot;Skeleton&quot;)" methodname="EnemySpecies_StripsOnlyWholeRarityPrefixes" classname="HudControlTests" runstate="Runnable" seed="234699038" result="Passed" start-time="2026-09-11 21:17:02Z" end-time="2026-09-11 21:17:02Z" duration="0.000337" asserts="0">
            <properties>
              <property name="retryIteration" value="0" />
              <property name="repeatIteration" value="0" />
            </properties>
          </test-case>
          <test-case id="1044" name="EnemySpecies_StripsOnlyWholeRarityPrefixes(&quot;Orc Warrior&quot;,&quot;Orc Warrior&quot;)" fullname="HudControlTests.EnemySpecies_StripsOnlyWholeRarityPrefixes(&quot;Orc Warrior&quot;,&quot;Orc Warrior&quot;)" methodname="EnemySpecies_StripsOnlyWholeRarityPrefixes" classname="HudControlTests" runstate="Runnable" seed="868119942" result="Passed" start-time="2026-09-11 21:17:02Z" end-time="2026-09-11 21:17:02Z" duration="0.000178" asserts="0">
            <properties>
              <property name="retryIteration" value="0" />
              <property name="repeatIteration" value="0" />
            </properties>
          </test-case>
          <test-case id="1045" name="EnemySpecies_StripsOnlyWholeRarityPrefixes(&quot;Normality Golem&quot;,&quot;Normality Golem&quot;)" fullname="HudControlTests.EnemySpecies_StripsOnlyWholeRarityPrefixes(&quot;Normality Golem&quot;,&quot;Normality Golem&quot;)" methodname="EnemySpecies_StripsOnlyWholeRarityPrefixes" classname="HudControlTests" runstate="Runnable" seed="1788361265" result="Passed" start-time="2026-09-11 21:17:02Z" end-time="2026-09-11 21:17:02Z" duration="0.000088" asserts="0">
            <properties>
              <property name="retryIteration" value="0" />
              <property name="repeatIteration" value="0" />
            </properties>
          </test-case>
        </test-suite>
        <test-case id="1035" name="GoblinPrefab_ProvidesStableNamedStillPortrait" fullname="HudControlTests.GoblinPrefab_ProvidesStableNamedStillPortrait" methodname="GoblinPrefab_ProvidesStableNamedStillPortrait" classname="HudControlTests" runstate="Runnable" seed="1772638545" result="Passed" start-time="2026-09-11 21:17:02Z" end-time="2026-09-11 21:17:02Z" duration="0.115894" asserts="0">
          <properties>
            <property name="retryIteration" value="0" />
            <property name="repeatIteration" value="0" />
          </properties>
        </test-case>
        <test-case id="1053" name="ImportedArtwork_HashesAreExactImportsWithUniqueSpriteMetas" fullname="HudControlTests.ImportedArtwork_HashesAreExactImportsWithUniqueSpriteMetas" methodname="ImportedArtwork_HashesAreExactImportsWithUniqueSpriteMetas" classname="HudControlTests" runstate="Runnable" seed="2124413485" result="Passed" start-time="2026-09-11 21:17:02Z" end-time="2026-09-11 21:17:02Z" duration="0.204291" asserts="0">
          <properties>
            <property name="retryIteration" value="0" />
            <property name="repeatIteration" value="0" />
          </properties>
        </test-case>
        <test-case id="1051" name="InitialPlayerSync_ShowsNameAuthoritativeManaAndLeftOriginContainedHealthFill" fullname="HudControlTests.InitialPlayerSync_ShowsNameAuthoritativeManaAndLeftOriginContainedHealthFill" methodname="InitialPlayerSync_ShowsNameAuthoritativeManaAndLeftOriginContainedHealthFill" classname="HudControlTests" runstate="Runnable" seed="1665047437" result="Failed" label="Error" start-time="2026-09-11 21:17:02Z" end-time="2026-09-11 21:17:02Z" duration="0.003183" asserts="0">
          <properties>
            <property name="retryIteration" value="0" />
            <property name="repeatIteration" value="0" />
          </properties>
          <failure>
            <message><![CDATA[System.NullReferenceException : Object reference not set to an instance of an object]]></message>
            <stack-trace><![CDATA[  at HudControlTests.InitialPlayerSync_ShowsNameAuthoritativeManaAndLeftOriginContainedHealthFill () [0x0000b] in D:\Unity\Projects\Black-Cube\Assets\Tests\Editor\HudControlTests.cs:195 
  at (wrapper managed-to-native) System.Reflection.RuntimeMethodInfo.InternalInvoke(System.Reflection.RuntimeMethodInfo,object,object[],System.Exception&)
  at System.Reflection.RuntimeMethodInfo.Invoke (System.Object obj, System.Reflection.BindingFlags invokeAttr, System.Reflection.Binder binder, System.Object[] parameters, System.Globalization.CultureInfo culture) [0x0006a] in <c5ae8a4eeb824526b5df2932bc2395e0>:0 ]]></stack-trace>
          </failure>
        </test-case>
        <test-case id="1048" name="MainControls_AreUniqueOwnCallbacksNavigateAndPersistPanelState" fullname="HudControlTests.MainControls_AreUniqueOwnCallbacksNavigateAndPersistPanelState" methodname="MainControls_AreUniqueOwnCallbacksNavigateAndPersistPanelState" classname="HudControlTests" runstate="Runnable" seed="1802037935" result="Failed" start-time="2026-09-11 21:17:02Z" end-time="2026-09-11 21:17:02Z" duration="0.016619" asserts="0">
          <properties>
            <property name="retryIteration" value="0" />
            <property name="repeatIteration" value="0" />
          </properties>
          <failure>
            <message><![CDATA[  Expected: 1
  But was:  0
]]></message>
            <stack-trace><![CDATA[at HudControlTests.MainControls_AreUniqueOwnCallbacksNavigateAndPersistPanelState () [0x0000b] in D:\Unity\Projects\Black-Cube\Assets\Tests\Editor\HudControlTests.cs:142
]]></stack-trace>
          </failure>
        </test-case>
        <test-case id="1034" name="NullPortrait_IsTransparentAndDisabledWhileValidPortraitIsVisible" fullname="HudControlTests.NullPortrait_IsTransparentAndDisabledWhileValidPortraitIsVisible" methodname="NullPortrait_IsTransparentAndDisabledWhileValidPortraitIsVisible" classname="HudControlTests" runstate="Runnable" seed="243701688" result="Passed" start-time="2026-09-11 21:17:02Z" end-time="2026-09-11 21:17:02Z" duration="0.015799" asserts="0">
          <properties>
            <property name="retryIteration" value="0" />
            <property name="repeatIteration" value="0" />
          </properties>
        </test-case>
        <test-case id="1032" name="PixelMap_IsContainedAndAspectStableAtRepresentativeResolutions" fullname="HudControlTests.PixelMap_IsContainedAndAspectStableAtRepresentativeResolutions" methodname="PixelMap_IsContainedAndAspectStableAtRepresentativeResolutions" classname="HudControlTests" runstate="Runnable" seed="390272038" result="Passed" start-time="2026-09-11 21:17:02Z" end-time="2026-09-11 21:17:02Z" duration="0.020171" asserts="0">
          <properties>
            <property name="retryIteration" value="0" />
            <property name="repeatIteration" value="0" />
          </properties>
        </test-case>
        <test-suite type="ParameterizedMethod" id="1039" name="PlayerName_DefaultsAndNormalizes" fullname="HudControlTests.PlayerName_DefaultsAndNormalizes" classname="HudControlTests" runstate="Runnable" testcasecount="3" result="Passed" start-time="2026-09-11 21:17:02Z" end-time="2026-09-11 21:17:02Z" duration="0.003948" total="3" passed="3" failed="0" inconclusive="0" skipped="0" asserts="0">
          <properties />
          <test-case id="1036" name="PlayerName_DefaultsAndNormalizes(null,&quot;Wanderer&quot;)" fullname="HudControlTests.PlayerName_DefaultsAndNormalizes(null,&quot;Wanderer&quot;)" methodname="PlayerName_DefaultsAndNormalizes" classname="HudControlTests" runstate="Runnable" seed="785438807" result="Passed" start-time="2026-09-11 21:17:02Z" end-time="2026-09-11 21:17:02Z" duration="0.000883" asserts="0">
            <properties>
              <property name="retryIteration" value="0" />
              <property name="repeatIteration" value="0" />
            </properties>
          </test-case>
          <test-case id="1037" name="PlayerName_DefaultsAndNormalizes(&quot;   &quot;,&quot;Wanderer&quot;)" fullname="HudControlTests.PlayerName_DefaultsAndNormalizes(&quot;   &quot;,&quot;Wanderer&quot;)" methodname="PlayerName_DefaultsAndNormalizes" classname="HudControlTests" runstate="Runnable" seed="1738329414" result="Passed" start-time="2026-09-11 21:17:02Z" end-time="2026-09-11 21:17:02Z" duration="0.000345" asserts="0">
            <properties>
              <property name="retryIteration" value="0" />
              <property name="repeatIteration" value="0" />
            </properties>
          </test-case>
          <test-case id="1038" name="PlayerName_DefaultsAndNormalizes(&quot;  Aria  &quot;,&quot;Aria&quot;)" fullname="HudControlTests.PlayerName_DefaultsAndNormalizes(&quot;  Aria  &quot;,&quot;Aria&quot;)" methodname="PlayerName_DefaultsAndNormalizes" classname="HudControlTests" runstate="Runnable" seed="1725838331" result="Passed" start-time="2026-09-11 21:17:02Z" end-time="2026-09-11 21:17:02Z" duration="0.000186" asserts="0">
            <properties>
              <property name="retryIteration" value="0" />
              <property name="repeatIteration" value="0" />
            </properties>
          </test-case>
        </test-suite>
        <test-case id="1033" name="PortraitSelection_IsDeterministicStillAndPaddingAwareWithEnemyScale" fullname="HudControlTests.PortraitSelection_IsDeterministicStillAndPaddingAwareWithEnemyScale" methodname="PortraitSelection_IsDeterministicStillAndPaddingAwareWithEnemyScale" classname="HudControlTests" runstate="Runnable" seed="1946924745" result="Passed" start-time="2026-09-11 21:17:02Z" end-time="2026-09-11 21:17:02Z" duration="0.006860" asserts="0">
          <properties>
            <property name="retryIteration" value="0" />
            <property name="repeatIteration" value="0" />
          </properties>
        </test-case>
        <test-case id="1047" name="Resources_ClampFillAndKeepCenteredValueReadableAtEmptyAndFull" fullname="HudControlTests.Resources_ClampFillAndKeepCenteredValueReadableAtEmptyAndFull" methodname="Resources_ClampFillAndKeepCenteredValueReadableAtEmptyAndFull" classname="HudControlTests" runstate="Runnable" seed="637768379" result="Passed" start-time="2026-09-11 21:17:02Z" end-time="2026-09-11 21:17:03Z" duration="0.145823" asserts="0">
          <properties>
            <property name="retryIteration" value="0" />
            <property name="repeatIteration" value="0" />
          </properties>
        </test-case>
        <test-case id="1041" name="SpriteState_PrecedenceIsDisabledActivePointerHoverNormal" fullname="HudControlTests.SpriteState_PrecedenceIsDisabledActivePointerHoverNormal" methodname="SpriteState_PrecedenceIsDisabledActivePointerHoverNormal" classname="HudControlTests" runstate="Runnable" seed="1676871852" result="Passed" start-time="2026-09-11 21:17:03Z" end-time="2026-09-11 21:17:03Z" duration="0.022907" asserts="0">
          <properties>
            <property name="retryIteration" value="0" />
            <property name="repeatIteration" value="0" />
          </properties>
        </test-case>
        <test-case id="1040" name="StateSlices_AreMeasuredAndDoNotBleedAcrossStates" fullname="HudControlTests.StateSlices_AreMeasuredAndDoNotBleedAcrossStates" methodname="StateSlices_AreMeasuredAndDoNotBleedAcrossStates" classname="HudControlTests" runstate="Runnable" seed="432102007" result="Passed" start-time="2026-09-11 21:17:03Z" end-time="2026-09-11 21:17:03Z" duration="0.002056" asserts="0">
          <properties>
            <property name="retryIteration" value="0" />
            <property name="repeatIteration" value="0" />
          </properties>
          <output><![CDATA[Saving results to: C:/Users/david/AppData/LocalLow/DefaultCompany/Black Cube Idle\TestResults.xml
]]></output>
        </test-case>
      </test-suite>
    </test-suite>
  </test-suite>
</test-run>